{"level":30,"time":1772710804220,"pid":19381,"hostname":"devpalwar","msg":"🚀 Worker service running on port 8080"}
{"level":30,"time":1772710804221,"pid":19381,"hostname":"devpalwar","msg":"📍 Health check: http://localhost:8080/health"}
{"level":30,"time":1772710813200,"pid":19381,"hostname":"devpalwar","msg":"🚀 Worker service running on port 8080"}
{"level":30,"time":1772710813201,"pid":19381,"hostname":"devpalwar","msg":"📍 Health check: http://localhost:8080/health"}
{"level":30,"time":1772711289673,"pid":19381,"hostname":"devpalwar","msg":"🚀 Worker service running on port 8080"}
{"level":30,"time":1772711289675,"pid":19381,"hostname":"devpalwar","msg":"📍 Health check: http://localhost:8080/health"}
{"level":30,"time":1772711378667,"pid":19381,"hostname":"devpalwar","jobId":"webhook-1772711378419-3t2lgk","attempt":1,"payload":{"entry":[{"id":"17841477712620086","time":1772711377,"changes":[{"value":{"from":{"id":"1686131449031570","username":"constentine___"},"media":{"id":"18156297028400873","media_product_type":"FEED"},"id":"18095600831005175","text":"Fire"},"field":"comments"}]}],"object":"instagram"},"msg":"Processing job webhook-1772711378419-3t2lgk"}
{"level":30,"time":1772711378667,"pid":19381,"hostname":"devpalwar","object":"instagram","webhookId":"17841477712620086","entryCount":1,"msg":"[Webhook Entry] Received payload from Meta"}
{"level":30,"time":1772711378667,"pid":19381,"hostname":"devpalwar","webhookId":"17841477712620086","field":"comments","msg":"[Webhook Event] Routing to handleCommentEvent"}
{"level":30,"time":1772711379163,"pid":19381,"hostname":"devpalwar","instagramUserId":"17841477712620086","hit":true,"msg":"[Redis:User] Status retrieved"}
{"level":30,"time":1772711379163,"pid":19381,"hostname":"devpalwar","instagramUserId":"17841477712620086","msg":"[CommentReply] User connected. Fetching DB Account."}
{"level":30,"time":1772711379350,"pid":19381,"hostname":"devpalwar","instagramUserId":"17841477712620086","hit":true,"msg":"[Redis:Account] DB Account retrieved from cache"}
{"level":30,"time":1772711379497,"pid":19381,"hostname":"devpalwar","userId":"69a9595b9d2913e6808b2c5e","mediaId":"18156297028400873","hit":true,"msg":"[Redis:Automation] Post Automations retrieved from cache"}
{"level":30,"time":1772711379497,"pid":19381,"hostname":"devpalwar","instagramUserId":"17841477712620086","automationCount":1,"msg":"[CommentReply] Found automations. Matching rules..."}
{"level":30,"time":1772711379565,"pid":19381,"hostname":"devpalwar","accountId":"69a9595c9d2913e6808b2c5f","hit":true,"msg":"[Redis:Token] Token retrieved"}
{"level":30,"time":1772711379639,"pid":19381,"hostname":"devpalwar","commentId":"18095600831005175","automationId":"69a9599d9d2913e6808b2c61","msg":"[Redis:Comment] Lock acquired (new comment)"}
{"level":30,"time":1772711379642,"pid":19381,"hostname":"devpalwar","automationId":"69a9599d9d2913e6808b2c61","actionType":"DM","triggerType":"COMMENT_ON_POST","msg":"[Executor] Beginning execution flow"}
{"level":30,"time":1772711379643,"pid":19381,"hostname":"devpalwar","automationId":"69a9599d9d2913e6808b2c61","dmCallCount":1,"hasImage":false,"hasText":true,"msg":"[Executor] Starting Sequential DM Flow"}
{"level":30,"time":1772711379913,"pid":19381,"hostname":"devpalwar","automationId":"69a9599d9d2913e6808b2c61","msg":"[Executor] Attempting to send Text DM"}
{"level":30,"time":1772711379914,"pid":19381,"hostname":"devpalwar","igId":"17841477712620086","recipientId":"1686131449031570","hasAttachment":false,"payload":{"recipient":{"comment_id":"18095600831005175"},"message":{"text":"oi nigga"},"messaging_type":"RESPONSE","access_token":"REDACTED"},"msg":"[Messaging API] Sending request to Instagram"}
{"level":30,"time":1772711380990,"pid":19381,"hostname":"devpalwar","url":"https://graph.instagram.com/v21.0/17841477712620086/messages","status":200,"resp":{"recipient_id":"1686131449031570","message_id":"aWdfZAG1faXRlbToxOklHTWVzc2FnZAUlEOjE3ODQxNDc3NzEyNjIwMDg2OjM0MDI4MjM2Njg0MTcxMDMwMTI0NDI2MDA2Mzk2MDczMjkyOTY2ODozMjcwMDc1MzE1NjU3NjkyNjA4NTYwNzExNjc1MjU1MTkzNgZDZD"},"msg":"[Graph API] Raw Response"}
{"level":30,"time":1772711380993,"pid":19381,"hostname":"devpalwar","igId":"17841477712620086","messageId":"aWdfZAG1faXRlbToxOklHTWVzc2FnZAUlEOjE3ODQxNDc3NzEyNjIwMDg2OjM0MDI4MjM2Njg0MTcxMDMwMTI0NDI2MDA2Mzk2MDczMjkyOTY2ODozMjcwMDc1MzE1NjU3NjkyNjA4NTYwNzExNjc1MjU1MTkzNgZDZD","msg":"[Messaging API] Instagram response success"}
{"level":30,"time":1772711380993,"pid":19381,"hostname":"devpalwar","automationId":"69a9599d9d2913e6808b2c61","messageId":"aWdfZAG1faXRlbToxOklHTWVzc2FnZAUlEOjE3ODQxNDc3NzEyNjIwMDg2OjM0MDI4MjM2Njg0MTcxMDMwMTI0NDI2MDA2Mzk2MDczMjkyOTY2ODozMjcwMDc1MzE1NjU3NjkyNjA4NTYwNzExNjc1MjU1MTkzNgZDZD","msg":"[Executor] Text DM successfully sent"}
{"level":30,"time":1772711382271,"pid":19381,"hostname":"devpalwar","url":"https://graph.instagram.com/v21.0/18095600831005175/replies","status":200,"resp":{"id":"18107843647765697"},"msg":"[Graph API] Raw Response"}
{"level":30,"time":1772711382272,"pid":19381,"hostname":"devpalwar","commentId":"18095600831005175","automationId":"69a9599d9d2913e6808b2c61","msg":"[Executor] Secondary comment reply sent successfully after DM"}
{"level":30,"time":1772711383674,"pid":19381,"hostname":"devpalwar","executionId":"69a96dd7218a6d34a046b9dd","status":"SUCCESS","msg":"[Executor] Postgres stats seamlessly updated"}
{"level":30,"time":1772711383729,"pid":19381,"hostname":"devpalwar","commentId":"18095600831005175","automationId":"69a9599d9d2913e6808b2c61","success":true,"msg":"[CommentReply] Automation execution completed successfully."}
{"level":30,"time":1772711573846,"pid":39854,"hostname":"devpalwar","msg":"🚀 Worker service running on port 8080"}
{"level":30,"time":1772711573848,"pid":39854,"hostname":"devpalwar","msg":"📍 Health check: http://localhost:8080/health"}
{"level":30,"time":1772711762253,"pid":39854,"hostname":"devpalwar","jobId":"webhook-1772711761765-9vz8xi","attempt":1,"payload":{"entry":[{"id":"17841477712620086","time":1772711760,"changes":[{"value":{"from":{"id":"1686131449031570","username":"constentine___"},"media":{"id":"18156297028400873","media_product_type":"FEED"},"id":"17952280218087350","text":"Fire"},"field":"comments"}]}],"object":"instagram"},"msg":"Processing job webhook-1772711761765-9vz8xi"}
{"level":30,"time":1772711762262,"pid":39854,"hostname":"devpalwar","object":"instagram","webhookId":"17841477712620086","entryCount":1,"msg":"[Webhook Entry] Received payload from Meta"}
{"level":30,"time":1772711762262,"pid":39854,"hostname":"devpalwar","webhookId":"17841477712620086","field":"comments","msg":"[Webhook Event] Routing to handleCommentEvent"}
{"level":30,"time":1772711762858,"pid":39854,"hostname":"devpalwar","instagramUserId":"17841477712620086","hit":false,"msg":"[Redis:User] Status missing, falling back to MongoDB"}
{"level":30,"time":1772711762887,"pid":39854,"hostname":"devpalwar","instagramUserId":"17841477712620086","msg":"[DB Fetch] Fetching InstaAccount for Connection Check"}
{"level":30,"time":1772711764161,"pid":39854,"hostname":"devpalwar","instagramUserId":"17841477712620086","msg":"[CommentReply] User connected. Fetching DB Account."}
{"level":30,"time":1772711764224,"pid":39854,"hostname":"devpalwar","instagramUserId":"17841477712620086","hit":false,"msg":"[Redis:Account] Account missing, falling back natively"}
{"level":30,"time":1772711764225,"pid":39854,"hostname":"devpalwar","instagramUserId":"17841477712620086","msg":"[DB Fetch] Fetching internal DB Account natively"}
{"level":30,"time":1772711764463,"pid":39854,"hostname":"devpalwar","userId":"69a96efe4027febdb2d4b1a8","mediaId":"18156297028400873","hit":false,"msg":"[Redis:Automation] Post Automations missing, falling back natively"}
{"level":30,"time":1772711764465,"pid":39854,"hostname":"devpalwar","userId":"69a96efe4027febdb2d4b1a8","mediaId":"18156297028400873","msg":"[DB Fetch] Fetching Automations for Post natively"}
{"level":30,"time":1772711764538,"pid":39854,"hostname":"devpalwar","instagramUserId":"17841477712620086","automationCount":1,"msg":"[CommentReply] Found automations. Matching rules..."}
{"level":30,"time":1772711764600,"pid":39854,"hostname":"devpalwar","accountId":"69a96efe4027febdb2d4b1a9","hit":true,"msg":"[Redis:Token] Token retrieved"}
{"level":30,"time":1772711764658,"pid":39854,"hostname":"devpalwar","commentId":"17952280218087350","automationId":"69a96f294027febdb2d4b1ab","msg":"[Redis:Comment] Lock acquired (new comment)"}
{"level":30,"time":1772711764659,"pid":39854,"hostname":"devpalwar","automationId":"69a96f294027febdb2d4b1ab","actionType":"DM","triggerType":"COMMENT_ON_POST","msg":"[Executor] Beginning execution flow"}
{"level":30,"time":1772711764659,"pid":39854,"hostname":"devpalwar","automationId":"69a96f294027febdb2d4b1ab","dmCallCount":2,"hasImage":true,"hasText":true,"msg":"[Executor] Starting Sequential DM Flow"}
{"level":30,"time":1772711764860,"pid":39854,"hostname":"devpalwar","automationId":"69a96f294027febdb2d4b1ab","msg":"[Executor] Attempting to send Text DM"}
{"level":30,"time":1772711764862,"pid":39854,"hostname":"devpalwar","igId":"17841477712620086","recipientId":"1686131449031570","hasAttachment":false,"payload":{"recipient":{"comment_id":"17952280218087350"},"message":{"text":"yo"},"messaging_type":"RESPONSE","access_token":"REDACTED"},"msg":"[Messaging API] Sending request to Instagram"}
{"level":30,"time":1772711766298,"pid":39854,"hostname":"devpalwar","url":"https://graph.instagram.com/v21.0/17841477712620086/messages","status":200,"resp":{"recipient_id":"1686131449031570","message_id":"aWdfZAG1faXRlbToxOklHTWVzc2FnZAUlEOjE3ODQxNDc3NzEyNjIwMDg2OjM0MDI4MjM2Njg0MTcxMDMwMTI0NDI2MDA2Mzk2MDczMjkyOTY2ODozMjcwMDc2MDI2MTEwMzUzMTQzNDE5MDQxNzMwMjY1MDg4MAZDZD"},"msg":"[Graph API] Raw Response"}
{"level":30,"time":1772711766301,"pid":39854,"hostname":"devpalwar","igId":"17841477712620086","messageId":"aWdfZAG1faXRlbToxOklHTWVzc2FnZAUlEOjE3ODQxNDc3NzEyNjIwMDg2OjM0MDI4MjM2Njg0MTcxMDMwMTI0NDI2MDA2Mzk2MDczMjkyOTY2ODozMjcwMDc2MDI2MTEwMzUzMTQzNDE5MDQxNzMwMjY1MDg4MAZDZD","msg":"[Messaging API] Instagram response success"}
{"level":30,"time":1772711766301,"pid":39854,"hostname":"devpalwar","automationId":"69a96f294027febdb2d4b1ab","messageId":"aWdfZAG1faXRlbToxOklHTWVzc2FnZAUlEOjE3ODQxNDc3NzEyNjIwMDg2OjM0MDI4MjM2Njg0MTcxMDMwMTI0NDI2MDA2Mzk2MDczMjkyOTY2ODozMjcwMDc2MDI2MTEwMzUzMTQzNDE5MDQxNzMwMjY1MDg4MAZDZD","msg":"[Executor] Text DM successfully sent"}
{"level":30,"time":1772711766301,"pid":39854,"hostname":"devpalwar","automationId":"69a96f294027febdb2d4b1ab","msg":"[Executor] Delaying 1s before image..."}
{"level":30,"time":1772711767301,"pid":39854,"hostname":"devpalwar","automationId":"69a96f294027febdb2d4b1ab","imageUrl":"https://utfs.io/f/qRa3b2UmdZMIL6oNhjyfzlrXAbHoY34xQqCmn9hucUp20F18","msg":"[Executor] Attempting to send Image DM"}
{"level":30,"time":1772711767302,"pid":39854,"hostname":"devpalwar","igId":"17841477712620086","recipientId":"1686131449031570","hasAttachment":true,"payload":{"recipient":{"id":"1686131449031570"},"message":{"attachments":[{"type":"image","payload":{"url":"https://utfs.io/f/qRa3b2UmdZMIL6oNhjyfzlrXAbHoY34xQqCmn9hucUp20F18"}}]},"messaging_type":"RESPONSE","access_token":"REDACTED"},"msg":"[Messaging API] Sending request to Instagram"}
{"level":30,"time":1772711769666,"pid":39854,"hostname":"devpalwar","url":"https://graph.instagram.com/v21.0/17841477712620086/messages","status":200,"resp":{"recipient_id":"1686131449031570","message_id":"aWdfZAG1faXRlbToxOklHTWVzc2FnZAUlEOjE3ODQxNDc3NzEyNjIwMDg2OjM0MDI4MjM2Njg0MTcxMDMwMTI0NDI2MDA2Mzk2MDczMjkyOTY2ODozMjcwMDc2MDMyNjY0OTkwNDQyOTQ0NDc5ODAzMDU0NDg5NgZDZD"},"msg":"[Graph API] Raw Response"}
{"level":30,"time":1772711769666,"pid":39854,"hostname":"devpalwar","igId":"17841477712620086","messageId":"aWdfZAG1faXRlbToxOklHTWVzc2FnZAUlEOjE3ODQxNDc3NzEyNjIwMDg2OjM0MDI4MjM2Njg0MTcxMDMwMTI0NDI2MDA2Mzk2MDczMjkyOTY2ODozMjcwMDc2MDMyNjY0OTkwNDQyOTQ0NDc5ODAzMDU0NDg5NgZDZD","msg":"[Messaging API] Instagram response success"}
{"level":30,"time":1772711769666,"pid":39854,"hostname":"devpalwar","automationId":"69a96f294027febdb2d4b1ab","imageUrl":"https://utfs.io/f/qRa3b2UmdZMIL6oNhjyfzlrXAbHoY34xQqCmn9hucUp20F18","msg":"[Executor] Image DM successfully sent"}
{"level":30,"time":1772711771646,"pid":39854,"hostname":"devpalwar","url":"https://graph.instagram.com/v21.0/17952280218087350/replies","status":200,"resp":{"id":"18086331401517705"},"msg":"[Graph API] Raw Response"}
{"level":30,"time":1772711771646,"pid":39854,"hostname":"devpalwar","commentId":"17952280218087350","automationId":"69a96f294027febdb2d4b1ab","msg":"[Executor] Secondary comment reply sent successfully after DM"}
{"level":30,"time":1772711772148,"pid":39854,"hostname":"devpalwar","executionId":"69a96f5b6adc4c9cb5c94b7c","status":"SUCCESS","msg":"[Executor] Postgres stats seamlessly updated"}
{"level":30,"time":1772711772241,"pid":39854,"hostname":"devpalwar","commentId":"17952280218087350","automationId":"69a96f294027febdb2d4b1ab","success":true,"msg":"[CommentReply] Automation execution completed successfully."}
{"level":30,"time":1772711812899,"pid":39854,"hostname":"devpalwar","jobId":"webhook-1772711812751-flzlnb","attempt":1,"payload":{"entry":[{"id":"17841477712620086","time":1772711811,"changes":[{"value":{"from":{"id":"1576122820327239","username":"arixxn__"},"media":{"id":"18156297028400873","media_product_type":"FEED"},"id":"18105398164855844","text":"Fire"},"field":"comments"}]}],"object":"instagram"},"msg":"Processing job webhook-1772711812751-flzlnb"}
{"level":30,"time":1772711812899,"pid":39854,"hostname":"devpalwar","object":"instagram","webhookId":"17841477712620086","entryCount":1,"msg":"[Webhook Entry] Received payload from Meta"}
{"level":30,"time":1772711812899,"pid":39854,"hostname":"devpalwar","webhookId":"17841477712620086","field":"comments","msg":"[Webhook Event] Routing to handleCommentEvent"}
{"level":30,"time":1772711812952,"pid":39854,"hostname":"devpalwar","instagramUserId":"17841477712620086","hit":true,"msg":"[Redis:User] Status retrieved"}
{"level":30,"time":1772711812953,"pid":39854,"hostname":"devpalwar","instagramUserId":"17841477712620086","msg":"[CommentReply] User connected. Fetching DB Account."}
{"level":30,"time":1772711813002,"pid":39854,"hostname":"devpalwar","instagramUserId":"17841477712620086","hit":true,"msg":"[Redis:Account] DB Account retrieved from cache"}
{"level":30,"time":1772711813057,"pid":39854,"hostname":"devpalwar","userId":"69a96efe4027febdb2d4b1a8","mediaId":"18156297028400873","hit":true,"msg":"[Redis:Automation] Post Automations retrieved from cache"}
{"level":30,"time":1772711813057,"pid":39854,"hostname":"devpalwar","instagramUserId":"17841477712620086","automationCount":1,"msg":"[CommentReply] Found automations. Matching rules..."}
{"level":30,"time":1772711813128,"pid":39854,"hostname":"devpalwar","accountId":"69a96efe4027febdb2d4b1a9","hit":true,"msg":"[Redis:Token] Token retrieved"}
{"level":30,"time":1772711813189,"pid":39854,"hostname":"devpalwar","commentId":"18105398164855844","automationId":"69a96f294027febdb2d4b1ab","msg":"[Redis:Comment] Lock acquired (new comment)"}
{"level":30,"time":1772711813189,"pid":39854,"hostname":"devpalwar","automationId":"69a96f294027febdb2d4b1ab","actionType":"DM","triggerType":"COMMENT_ON_POST","msg":"[Executor] Beginning execution flow"}
{"level":30,"time":1772711813190,"pid":39854,"hostname":"devpalwar","automationId":"69a96f294027febdb2d4b1ab","dmCallCount":2,"hasImage":true,"hasText":true,"msg":"[Executor] Starting Sequential DM Flow"}
{"level":30,"time":1772711813361,"pid":39854,"hostname":"devpalwar","automationId":"69a96f294027febdb2d4b1ab","msg":"[Executor] Attempting to send Text DM"}
{"level":30,"time":1772711813361,"pid":39854,"hostname":"devpalwar","igId":"17841477712620086","recipientId":"1576122820327239","hasAttachment":false,"payload":{"recipient":{"comment_id":"18105398164855844"},"message":{"text":"yo"},"messaging_type":"RESPONSE","access_token":"REDACTED"},"msg":"[Messaging API] Sending request to Instagram"}
{"level":30,"time":1772711814442,"pid":39854,"hostname":"devpalwar","url":"https://graph.instagram.com/v21.0/17841477712620086/messages","status":200,"resp":{"recipient_id":"1576122820327239","message_id":"aWdfZAG1faXRlbToxOklHTWVzc2FnZAUlEOjE3ODQxNDc3NzEyNjIwMDg2OjM0MDI4MjM2Njg0MTcxMDMwMTI0NDI3NjAyODQwNTU2NzY3MTY3MTozMjcwMDc2MTE1MDE0MjQ4MDQ5ODcyNjczOTA2MTUwNjA0OAZDZD"},"msg":"[Graph API] Raw Response"}
{"level":30,"time":1772711814442,"pid":39854,"hostname":"devpalwar","igId":"17841477712620086","messageId":"aWdfZAG1faXRlbToxOklHTWVzc2FnZAUlEOjE3ODQxNDc3NzEyNjIwMDg2OjM0MDI4MjM2Njg0MTcxMDMwMTI0NDI3NjAyODQwNTU2NzY3MTY3MTozMjcwMDc2MTE1MDE0MjQ4MDQ5ODcyNjczOTA2MTUwNjA0OAZDZD","msg":"[Messaging API] Instagram response success"}
{"level":30,"time":1772711814442,"pid":39854,"hostname":"devpalwar","automationId":"69a96f294027febdb2d4b1ab","messageId":"aWdfZAG1faXRlbToxOklHTWVzc2FnZAUlEOjE3ODQxNDc3NzEyNjIwMDg2OjM0MDI4MjM2Njg0MTcxMDMwMTI0NDI3NjAyODQwNTU2NzY3MTY3MTozMjcwMDc2MTE1MDE0MjQ4MDQ5ODcyNjczOTA2MTUwNjA0OAZDZD","msg":"[Executor] Text DM successfully sent"}
{"level":30,"time":1772711814442,"pid":39854,"hostname":"devpalwar","automationId":"69a96f294027febdb2d4b1ab","msg":"[Executor] Delaying 1s before image..."}
{"level":30,"time":1772711815442,"pid":39854,"hostname":"devpalwar","automationId":"69a96f294027febdb2d4b1ab","imageUrl":"https://utfs.io/f/qRa3b2UmdZMIL6oNhjyfzlrXAbHoY34xQqCmn9hucUp20F18","msg":"[Executor] Attempting to send Image DM"}
{"level":30,"time":1772711815442,"pid":39854,"hostname":"devpalwar","igId":"17841477712620086","recipientId":"1576122820327239","hasAttachment":true,"payload":{"recipient":{"id":"1576122820327239"},"message":{"attachments":[{"type":"image","payload":{"url":"https://utfs.io/f/qRa3b2UmdZMIL6oNhjyfzlrXAbHoY34xQqCmn9hucUp20F18"}}]},"messaging_type":"RESPONSE","access_token":"REDACTED"},"msg":"[Messaging API] Sending request to Instagram"}
{"level":30,"time":1772711816023,"pid":39854,"hostname":"devpalwar","url":"https://graph.instagram.com/v21.0/17841477712620086/messages","status":403,"resp":{"error":{"message":"यह मैसेज तय समयावधि के बाद भेजा गया है.","type":"IGApiException","code":10,"error_subcode":2534022,"fbtrace_id":"AUWO3lHwwkYLqotbwKR6h1L"}},"msg":"[Graph API] Raw Response"}
{"level":50,"time":1772711816025,"pid":39854,"hostname":"devpalwar","url":"https://graph.instagram.com/v21.0/17841477712620086/messages","error":"यह मैसेज तय समयावधि के बाद भेजा गया है.","msg":"[Graph API] Request Exception"}
{"level":50,"time":1772711816025,"pid":39854,"hostname":"devpalwar","igId":"17841477712620086","error":"यह मैसेज तय समयावधि के बाद भेजा गया है.","recipientId":"1576122820327239","msg":"[Messaging API] Instagram request failed"}
{"level":50,"time":1772711816026,"pid":39854,"hostname":"devpalwar","automationId":"69a96f294027febdb2d4b1ab","error":"यह मैसेज तय समयावधि के बाद भेजा गया है.","msg":"[Executor] Image DM failed (Partial Failure)"}
{"level":30,"time":1772711817208,"pid":39854,"hostname":"devpalwar","url":"https://graph.instagram.com/v21.0/18105398164855844/replies","status":200,"resp":{"id":"18424083073143094"},"msg":"[Graph API] Raw Response"}
{"level":30,"time":1772711817208,"pid":39854,"hostname":"devpalwar","commentId":"18105398164855844","automationId":"69a96f294027febdb2d4b1ab","msg":"[Executor] Secondary comment reply sent successfully after DM"}
{"level":30,"time":1772711817536,"pid":39854,"hostname":"devpalwar","executionId":"69a96f896adc4c9cb5c94b7d","status":"SUCCESS","msg":"[Executor] Postgres stats seamlessly updated"}
{"level":30,"time":1772711817593,"pid":39854,"hostname":"devpalwar","commentId":"18105398164855844","automationId":"69a96f294027febdb2d4b1ab","success":true,"msg":"[CommentReply] Automation execution completed successfully."}
{"level":30,"time":1772711817664,"pid":39854,"hostname":"devpalwar","jobId":"webhook-1772711815912-tib9gd","attempt":1,"payload":{"object":"instagram","entry":[{"time":1772711815237,"id":"17841477540834789","messaging":[{"sender":{"id":"2596072314096778"},"recipient":{"id":"17841477540834789"},"timestamp":1772711814045,"message":{"mid":"aWdfZAG1faXRlbToxOklHTWVzc2FnZAUlEOjE3ODQxNDc3NTQwODM0Nzg5OjM0MDI4MjM2Njg0MTcxMDMwMTI0NDI3NjAyODQwNTU2NzY3MTY3MTozMjcwMDc2MTE1MDE0MjQ4MDQ5ODcyNjczOTA2MTUwNjA0OAZDZD","text":"yo"}}]}]},"msg":"Processing job webhook-1772711815912-tib9gd"}
{"level":30,"time":1772711817664,"pid":39854,"hostname":"devpalwar","object":"instagram","webhookId":"17841477540834789","entryCount":1,"msg":"[Webhook Entry] Received payload from Meta"}
{"level":30,"time":1772712289476,"pid":39854,"hostname":"devpalwar","msg":"🚀 Worker service running on port 8080"}
{"level":30,"time":1772712289477,"pid":39854,"hostname":"devpalwar","msg":"📍 Health check: http://localhost:8080/health"}
{"level":30,"time":1772712297131,"pid":39854,"hostname":"devpalwar","msg":"🚀 Worker service running on port 8080"}
{"level":30,"time":1772712297132,"pid":39854,"hostname":"devpalwar","msg":"📍 Health check: http://localhost:8080/health"}
{"level":30,"time":1772712441888,"pid":39854,"hostname":"devpalwar","msg":"🚀 Worker service running on port 8080"}
{"level":30,"time":1772712441889,"pid":39854,"hostname":"devpalwar","msg":"📍 Health check: http://localhost:8080/health"}
{"level":30,"time":1772712475670,"pid":39854,"hostname":"devpalwar","msg":"🚀 Worker service running on port 8080"}
{"level":30,"time":1772712475671,"pid":39854,"hostname":"devpalwar","msg":"📍 Health check: http://localhost:8080/health"}
{"level":30,"time":1772712508206,"pid":39854,"hostname":"devpalwar","msg":"🚀 Worker service running on port 8080"}
{"level":30,"time":1772712508209,"pid":39854,"hostname":"devpalwar","msg":"📍 Health check: http://localhost:8080/health"}
{"level":30,"time":1772712546255,"pid":39854,"hostname":"devpalwar","jobId":"webhook-1772712546085-8asci","attempt":1,"payload":{"entry":[{"id":"17841477712620086","time":1772712544,"changes":[{"value":{"from":{"id":"1576122820327239","username":"arixxn__"},"media":{"id":"18156297028400873","media_product_type":"FEED"},"id":"18088345256585978","text":"Fire"},"field":"comments"}]}],"object":"instagram"},"msg":"Processing job webhook-1772712546085-8asci"}
{"level":30,"time":1772712546256,"pid":39854,"hostname":"devpalwar","object":"instagram","webhookId":"17841477712620086","entryCount":1,"msg":"[Webhook Entry] Received payload from Meta"}
{"level":30,"time":1772712546257,"pid":39854,"hostname":"devpalwar","webhookId":"17841477712620086","field":"comments","msg":"[Webhook Event] Routing to handleCommentEvent"}
{"level":30,"time":1772712546601,"pid":39854,"hostname":"devpalwar","instagramUserId":"17841477712620086","hit":true,"msg":"[Redis:User] Status retrieved"}
{"level":30,"time":1772712546601,"pid":39854,"hostname":"devpalwar","instagramUserId":"17841477712620086","msg":"[CommentReply] User connected. Fetching DB Account."}
{"level":30,"time":1772712546653,"pid":39854,"hostname":"devpalwar","instagramUserId":"17841477712620086","hit":true,"msg":"[Redis:Account] DB Account retrieved from cache"}
{"level":30,"time":1772712546708,"pid":39854,"hostname":"devpalwar","userId":"69a96efe4027febdb2d4b1a8","mediaId":"18156297028400873","hit":true,"msg":"[Redis:Automation] Post Automations retrieved from cache"}
{"level":30,"time":1772712546708,"pid":39854,"hostname":"devpalwar","instagramUserId":"17841477712620086","automationCount":1,"msg":"[CommentReply] Found automations. Matching rules..."}
{"level":30,"time":1772712546812,"pid":39854,"hostname":"devpalwar","accountId":"69a96efe4027febdb2d4b1a9","hit":true,"msg":"[Redis:Token] Token retrieved"}
{"level":30,"time":1772712546887,"pid":39854,"hostname":"devpalwar","commentId":"18088345256585978","automationId":"69a96f294027febdb2d4b1ab","msg":"[Redis:Comment] Lock acquired (new comment)"}
{"level":30,"time":1772712546891,"pid":39854,"hostname":"devpalwar","automationId":"69a96f294027febdb2d4b1ab","actionType":"DM","triggerType":"COMMENT_ON_POST","msg":"[Executor] Beginning execution flow"}
{"level":30,"time":1772712546891,"pid":39854,"hostname":"devpalwar","automationId":"69a96f294027febdb2d4b1ab","dmCallCount":2,"hasImage":true,"hasText":true,"msg":"[Executor] Starting Sequential DM Flow"}
{"level":30,"time":1772712547072,"pid":39854,"hostname":"devpalwar","automationId":"69a96f294027febdb2d4b1ab","msg":"[Executor] Step 1: Sending Text DM with Quick Reply (if image exists)"}
{"level":30,"time":1772712547073,"pid":39854,"hostname":"devpalwar","igId":"17841477712620086","recipientId":"1576122820327239","hasAttachment":false,"payload":{"recipient":{"comment_id":"18088345256585978"},"message":{"text":"yo","quick_replies":[{"content_type":"text","title":"Tap to see media 📸","payload":"SEND_IMAGE_FOR_AUTOMATION:69a96f294027febdb2d4b1ab"}]},"messaging_type":"RESPONSE","access_token":"REDACTED"},"msg":"[Messaging API] Sending request to Instagram"}
{"level":30,"time":1772712548146,"pid":39854,"hostname":"devpalwar","url":"https://graph.instagram.com/v21.0/17841477712620086/messages","status":200,"resp":{"recipient_id":"1576122820327239","message_id":"aWdfZAG1faXRlbToxOklHTWVzc2FnZAUlEOjE3ODQxNDc3NzEyNjIwMDg2OjM0MDI4MjM2Njg0MTcxMDMwMTI0NDI3NjAyODQwNTU2NzY3MTY3MTozMjcwMDc3NDY4MjU1NzUxNTU3MDIwNDYyMzU3ODg1NzQ3MgZDZD"},"msg":"[Graph API] Raw Response"}
{"level":30,"time":1772712548149,"pid":39854,"hostname":"devpalwar","igId":"17841477712620086","messageId":"aWdfZAG1faXRlbToxOklHTWVzc2FnZAUlEOjE3ODQxNDc3NzEyNjIwMDg2OjM0MDI4MjM2Njg0MTcxMDMwMTI0NDI3NjAyODQwNTU2NzY3MTY3MTozMjcwMDc3NDY4MjU1NzUxNTU3MDIwNDYyMzU3ODg1NzQ3MgZDZD","msg":"[Messaging API] Instagram response success"}
{"level":30,"time":1772712548149,"pid":39854,"hostname":"devpalwar","automationId":"69a96f294027febdb2d4b1ab","messageId":"aWdfZAG1faXRlbToxOklHTWVzc2FnZAUlEOjE3ODQxNDc3NzEyNjIwMDg2OjM0MDI4MjM2Njg0MTcxMDMwMTI0NDI3NjAyODQwNTU2NzY3MTY3MTozMjcwMDc3NDY4MjU1NzUxNTU3MDIwNDYyMzU3ODg1NzQ3MgZDZD","msg":"[Executor] Step 1 SUCCESS: Text DM sent"}
{"level":30,"time":1772712548149,"pid":39854,"hostname":"devpalwar","automationId":"69a96f294027febdb2d4b1ab","msg":"[Executor] Delaying 1s before image attempt..."}
{"level":30,"time":1772712549151,"pid":39854,"hostname":"devpalwar","automationId":"69a96f294027febdb2d4b1ab","imageUrl":"https://utfs.io/f/qRa3b2UmdZMIL6oNhjyfzlrXAbHoY34xQqCmn9hucUp20F18","msg":"[Executor] Attempting to send Image DM"}
{"level":30,"time":1772712549151,"pid":39854,"hostname":"devpalwar","igId":"17841477712620086","recipientId":"1576122820327239","hasAttachment":true,"payload":{"recipient":{"id":"1576122820327239"},"message":{"attachments":[{"type":"image","payload":{"url":"https://utfs.io/f/qRa3b2UmdZMIL6oNhjyfzlrXAbHoY34xQqCmn9hucUp20F18"}}]},"messaging_type":"RESPONSE","access_token":"REDACTED"},"msg":"[Messaging API] Sending request to Instagram"}
{"level":30,"time":1772712549591,"pid":39854,"hostname":"devpalwar","url":"https://graph.instagram.com/v21.0/17841477712620086/messages","status":403,"resp":{"error":{"message":"यह मैसेज तय समयावधि के बाद भेजा गया है.","type":"IGApiException","code":10,"error_subcode":2534022,"fbtrace_id":"AsFSs3vBZL6udu_3VpG7YHc"}},"msg":"[Graph API] Raw Response"}
{"level":50,"time":1772712549591,"pid":39854,"hostname":"devpalwar","url":"https://graph.instagram.com/v21.0/17841477712620086/messages","error":"यह मैसेज तय समयावधि के बाद भेजा गया है.","msg":"[Graph API] Request Exception"}
{"level":50,"time":1772712549591,"pid":39854,"hostname":"devpalwar","igId":"17841477712620086","error":"यह मैसेज तय समयावधि के बाद भेजा गया है.","recipientId":"1576122820327239","msg":"[Messaging API] Instagram request failed"}
{"level":50,"time":1772712549591,"pid":39854,"hostname":"devpalwar","automationId":"69a96f294027febdb2d4b1ab","error":"यह मैसेज तय समयावधि के बाद भेजा गया है.","msg":"[Executor] Image DM failed (Partial Failure)"}
{"level":30,"time":1772712550809,"pid":39854,"hostname":"devpalwar","url":"https://graph.instagram.com/v21.0/18088345256585978/replies","status":200,"resp":{"id":"18091561766142693"},"msg":"[Graph API] Raw Response"}
{"level":30,"time":1772712550809,"pid":39854,"hostname":"devpalwar","commentId":"18088345256585978","automationId":"69a96f294027febdb2d4b1ab","msg":"[Executor] Secondary comment reply sent successfully after DM"}
{"level":30,"time":1772712551909,"pid":39854,"hostname":"devpalwar","executionId":"69a97267f9eee375302a197d","status":"SUCCESS","msg":"[Executor] Postgres stats seamlessly updated"}
{"level":30,"time":1772712551968,"pid":39854,"hostname":"devpalwar","commentId":"18088345256585978","automationId":"69a96f294027febdb2d4b1ab","success":true,"msg":"[CommentReply] Automation execution completed successfully."}
{"level":30,"time":1772712552103,"pid":39854,"hostname":"devpalwar","jobId":"webhook-1772712549151-7rxr5t","attempt":1,"payload":{"object":"instagram","entry":[{"time":1772712548464,"id":"17841477540834789","messaging":[{"sender":{"id":"2596072314096778"},"recipient":{"id":"17841477540834789"},"timestamp":1772712547639,"message":{"mid":"aWdfZAG1faXRlbToxOklHTWVzc2FnZAUlEOjE3ODQxNDc3NTQwODM0Nzg5OjM0MDI4MjM2Njg0MTcxMDMwMTI0NDI3NjAyODQwNTU2NzY3MTY3MTozMjcwMDc3NDY4MjU1NzUxNTU3MDIwNDYyMzU3ODg1NzQ3MgZDZD","text":"yo"}}]}]},"msg":"Processing job webhook-1772712549151-7rxr5t"}
{"level":30,"time":1772712552103,"pid":39854,"hostname":"devpalwar","object":"instagram","webhookId":"17841477540834789","entryCount":1,"msg":"[Webhook Entry] Received payload from Meta"}
{"level":30,"time":1772712562556,"pid":39854,"hostname":"devpalwar","jobId":"webhook-1772712562411-fvim3w","attempt":1,"payload":{"object":"instagram","entry":[{"time":1772712561414,"id":"17841477712620086","messaging":[{"sender":{"id":"1576122820327239"},"recipient":{"id":"17841477712620086"},"timestamp":1772712560569,"message":{"mid":"aWdfZAG1faXRlbToxOklHTWVzc2FnZAUlEOjE3ODQxNDc3NzEyNjIwMDg2OjM0MDI4MjM2Njg0MTcxMDMwMTI0NDI3NjAyODQwNTU2NzY3MTY3MTozMjcwMDc3NDkyMTA3OTAwNzc0NDYzMzQ2OTgwOTk4MzQ4OAZDZD","text":"Tap to see media 📸","quick_reply":{"payload":"SEND_IMAGE_FOR_AUTOMATION:69a96f294027febdb2d4b1ab"}}}]}]},"msg":"Processing job webhook-1772712562411-fvim3w"}
{"level":30,"time":1772712562556,"pid":39854,"hostname":"devpalwar","object":"instagram","webhookId":"17841477712620086","entryCount":1,"msg":"[Webhook Entry] Received payload from Meta"}
{"level":30,"time":1772712562556,"pid":39854,"hostname":"devpalwar","webhookId":"17841477712620086","senderId":"1576122820327239","payload":"SEND_IMAGE_FOR_AUTOMATION:69a96f294027febdb2d4b1ab","msg":"[Webhook Event] Routing to handleQuickReplyEvent"}
{"level":30,"time":1772712562557,"pid":39854,"hostname":"devpalwar","automationId":"69a96f294027febdb2d4b1ab","senderId":"1576122820327239","instagramUserId":"17841477712620086","msg":"[QuickReply] Processing image delivery request via Button Tap"}
{"level":30,"time":1772712562856,"pid":39854,"hostname":"devpalwar","accountId":"69a96efe4027febdb2d4b1a9","hit":true,"msg":"[Redis:Token] Token retrieved"}
{"level":30,"time":1772712562856,"pid":39854,"hostname":"devpalwar","igId":"17841477712620086","recipientId":"1576122820327239","hasAttachment":true,"payload":{"recipient":{"id":"1576122820327239"},"message":{"attachments":[{"type":"image","payload":{"url":"https://utfs.io/f/qRa3b2UmdZMIL6oNhjyfzlrXAbHoY34xQqCmn9hucUp20F18"}}]},"messaging_type":"RESPONSE","access_token":"REDACTED"},"msg":"[Messaging API] Sending request to Instagram"}
{"level":30,"time":1772712564120,"pid":39854,"hostname":"devpalwar","url":"https://graph.instagram.com/v21.0/17841477712620086/messages","status":200,"resp":{"recipient_id":"1576122820327239","message_id":"aWdfZAG1faXRlbToxOklHTWVzc2FnZAUlEOjE3ODQxNDc3NzEyNjIwMDg2OjM0MDI4MjM2Njg0MTcxMDMwMTI0NDI3NjAyODQwNTU2NzY3MTY3MTozMjcwMDc3NDk4MDIyMzQwMTMxNTYxODgwMzIzMDQ0MTQ3MgZDZD"},"msg":"[Graph API] Raw Response"}
{"level":30,"time":1772712564121,"pid":39854,"hostname":"devpalwar","igId":"17841477712620086","messageId":"aWdfZAG1faXRlbToxOklHTWVzc2FnZAUlEOjE3ODQxNDc3NzEyNjIwMDg2OjM0MDI4MjM2Njg0MTcxMDMwMTI0NDI3NjAyODQwNTU2NzY3MTY3MTozMjcwMDc3NDk4MDIyMzQwMTMxNTYxODgwMzIzMDQ0MTQ3MgZDZD","msg":"[Messaging API] Instagram response success"}
{"level":30,"time":1772712564121,"pid":39854,"hostname":"devpalwar","automationId":"69a96f294027febdb2d4b1ab","senderId":"1576122820327239","msg":"[QuickReply] SUCCESS: Image delivered via button tap"}
{"level":30,"time":1772712565304,"pid":39854,"hostname":"devpalwar","jobId":"webhook-1772712565180-aiogft","attempt":1,"payload":{"object":"instagram","entry":[{"time":1772712564418,"id":"17841477540834789","messaging":[{"sender":{"id":"2596072314096778"},"recipient":{"id":"17841477540834789"},"timestamp":1772712563775,"message":{"mid":"aWdfZAG1faXRlbToxOklHTWVzc2FnZAUlEOjE3ODQxNDc3NTQwODM0Nzg5OjM0MDI4MjM2Njg0MTcxMDMwMTI0NDI3NjAyODQwNTU2NzY3MTY3MTozMjcwMDc3NDk4MDIyMzQwMTMxNTYxODgwMzIzMDQ0MTQ3MgZDZD","attachments":[{"type":"image","payload":{"url":"https://lookaside.fbsbx.com/ig_messaging_cdn/?asset_id=935920285479268&signature=Ab1cXxOvjg7SneKmU1xQ3VZJxbq_gKDA9zoD9IXm61157KF0mi3jVBbEZZkyu84MuUkBQZQo67zr7IAexfSn165IEG1_E0Ngsq3dKchFy9EHKHkmmUgryEBWbTr8zT1uESfdz6GCrWPuhIxTcH69BnvOrLOVoYqEUjZjhthFl_28mOduSPYZod8WScj3ZlZpyvaKPTZ50rI62VgNPsr7SLomp2CMcA"}}]}}]}]},"msg":"Processing job webhook-1772712565180-aiogft"}
{"level":30,"time":1772712565304,"pid":39854,"hostname":"devpalwar","object":"instagram","webhookId":"17841477540834789","entryCount":1,"msg":"[Webhook Entry] Received payload from Meta"}
{"level":30,"time":1772712744671,"pid":39854,"hostname":"devpalwar","msg":"🚀 Worker service running on port 8080"}
{"level":30,"time":1772712744672,"pid":39854,"hostname":"devpalwar","msg":"📍 Health check: http://localhost:8080/health"}
